<?xml version="1.0" encoding="UTF-8"?>
<!-- Generated by org.testng.reporters.JUnitReportReporter -->
<testsuite hostname="DESKTOP-MLOUV3A" failures="0" tests="2" name="TestRun.TestingLogin" time="0.019" errors="0" timestamp="2022-09-09T19:03:38 IST" skipped="0">
  <testcase classname="TestRun.TestingLogin" name="validateTC001" time="0.004"/>
  <system-out>
    <![CDATA[TC Run]]>
  </system-out>
  <testcase classname="TestRun.TestingLogin" name="validateTC001" time="0.015"/>
  <system-out>
    <![CDATA[TC Run]]>
  </system-out>
</testsuite> <!-- TestRun.TestingLogin -->
